2013-09-04 23:03:33.682 HelloWorld[6910:c07] Multi-tasking -> Device: YES, App: YES
2013-09-04 23:03:37.300 HelloWorld[6910:c07] Resetting plugins due to page load.
2013-09-04 23:03:38.003 HelloWorld[6910:c07] Finished load of: file:///Users/joshua/Library/Application%20Support/iPhone%20Simulator/6.1/Applications/65432B26-9DE7-4EF4-BEA5-7C7185420DCA/HelloWorld.app/www/index.html
Terminating in response to SpringBoard's termination.
2013-09-05 10:54:48.735 HelloWorld[16554:c07] Multi-tasking -> Device: YES, App: YES
2013-09-05 10:54:49.068 HelloWorld[16554:c07] Resetting plugins due to page load.
2013-09-05 10:54:50.609 HelloWorld[16554:c07] Finished load of: file:///Users/joshua/Library/Application%20Support/iPhone%20Simulator/6.1/Applications/65432B26-9DE7-4EF4-BEA5-7C7185420DCA/HelloWorld.app/www/index.html
Terminating in response to SpringBoard's termination.
2013-09-05 10:58:43.843 HelloWorld[16904:c07] Multi-tasking -> Device: YES, App: YES
2013-09-05 10:58:43.880 HelloWorld[16904:c07] Resetting plugins due to page load.
2013-09-05 10:58:44.102 HelloWorld[16904:c07] Finished load of: file:///Users/joshua/Library/Application%20Support/iPhone%20Simulator/6.1/Applications/65432B26-9DE7-4EF4-BEA5-7C7185420DCA/HelloWorld.app/www/index.html
Terminating in response to SpringBoard's termination.
2013-09-05 10:59:33.986 HelloWorld[17163:c07] Multi-tasking -> Device: YES, App: YES
2013-09-05 10:59:34.131 HelloWorld[17163:c07] Resetting plugins due to page load.
2013-09-05 10:59:34.406 HelloWorld[17163:c07] Finished load of: file:///Users/joshua/Library/Application%20Support/iPhone%20Simulator/6.1/Applications/65432B26-9DE7-4EF4-BEA5-7C7185420DCA/HelloWorld.app/www/index.html
Terminating in response to SpringBoard's termination.
2013-09-05 14:32:56.757 HelloWorld[21955:c07] Multi-tasking -> Device: YES, App: YES
2013-09-05 14:32:56.972 HelloWorld[21955:c07] Resetting plugins due to page load.
2013-09-05 14:32:57.629 HelloWorld[21955:c07] Finished load of: file:///Users/joshua/Library/Application%20Support/iPhone%20Simulator/6.1/Applications/65432B26-9DE7-4EF4-BEA5-7C7185420DCA/HelloWorld.app/www/index.html
2013-09-05 14:35:28.005 HelloWorld[22266:c07] Multi-tasking -> Device: YES, App: YES
2013-09-05 14:35:28.130 HelloWorld[22266:c07] Resetting plugins due to page load.
2013-09-05 14:35:28.386 HelloWorld[22266:c07] Finished load of: file:///Users/joshua/Library/Application%20Support/iPhone%20Simulator/6.1/Applications/65432B26-9DE7-4EF4-BEA5-7C7185420DCA/HelloWorld.app/www/index.html
Terminating in response to SpringBoard's termination.
2013-09-05 14:36:03.290 HelloWorld[22490:c07] Multi-tasking -> Device: YES, App: YES
2013-09-05 14:36:03.334 HelloWorld[22490:c07] Resetting plugins due to page load.
2013-09-05 14:36:03.529 HelloWorld[22490:c07] Finished load of: file:///Users/joshua/Library/Application%20Support/iPhone%20Simulator/6.1/Applications/65432B26-9DE7-4EF4-BEA5-7C7185420DCA/HelloWorld.app/www/index.html
Terminating in response to SpringBoard's termination.
2013-09-05 14:36:45.620 HelloWorld[22721:c07] Multi-tasking -> Device: YES, App: YES
2013-09-05 14:36:45.749 HelloWorld[22721:c07] Resetting plugins due to page load.
2013-09-05 14:36:45.993 HelloWorld[22721:c07] Finished load of: file:///Users/joshua/Library/Application%20Support/iPhone%20Simulator/6.1/Applications/F2F54851-AE83-4501-9665-B8109E95FEED/HelloWorld.app/www/index.html
2013-09-05 14:38:07.343 HelloWorld[22965:c07] Multi-tasking -> Device: YES, App: YES
2013-09-05 14:38:07.465 HelloWorld[22965:c07] Resetting plugins due to page load.
2013-09-05 14:38:07.990 HelloWorld[22965:c07] Finished load of: file:///Users/joshua/Library/Application%20Support/iPhone%20Simulator/6.1/Applications/F2F54851-AE83-4501-9665-B8109E95FEED/HelloWorld.app/www/index.html
2013-09-05 14:54:19.107 HelloWorld[23801:c07] Multi-tasking -> Device: YES, App: YES
2013-09-05 14:54:19.354 HelloWorld[23801:c07] Resetting plugins due to page load.
2013-09-05 14:54:20.315 HelloWorld[23801:c07] Finished load of: file:///Users/joshua/Library/Application%20Support/iPhone%20Simulator/6.1/Applications/F2F54851-AE83-4501-9665-B8109E95FEED/HelloWorld.app/www/index.html
